<?xml version="1.0" encoding="UTF-8"?>
<testsuite xmlns:xsi="http://www.w3.org/2001/XMLSchema-instance" xsi:noNamespaceSchemaLocation="https://maven.apache.org/surefire/maven-surefire-plugin/xsd/surefire-test-report-3.0.xsd" version="3.0" name="com.junit5.CalculatorTest" time="0.131" tests="14" errors="0" skipped="0" failures="0">
  <properties>
    <property name="sun.desktop" value="windows"/>
    <property name="awt.toolkit" value="sun.awt.windows.WToolkit"/>
    <property name="file.encoding.pkg" value="sun.io"/>
    <property name="java.specification.version" value="1.8"/>
    <property name="sun.cpu.isalist" value="amd64"/>
    <property name="sun.jnu.encoding" value="Cp1252"/>
    <property name="java.class.path" value="C:\Users\RBC Dev\Documents\JunitDemo\target\test-classes;C:\Users\RBC Dev\Documents\JunitDemo\target\classes;C:\Users\RBC Dev\.m2\repository\org\junit\jupiter\junit-jupiter-api\5.7.1\junit-jupiter-api-5.7.1.jar;C:\Users\RBC Dev\.m2\repository\org\apiguardian\apiguardian-api\1.1.0\apiguardian-api-1.1.0.jar;C:\Users\RBC Dev\.m2\repository\org\opentest4j\opentest4j\1.2.0\opentest4j-1.2.0.jar;C:\Users\RBC Dev\.m2\repository\org\junit\platform\junit-platform-commons\1.7.1\junit-platform-commons-1.7.1.jar;"/>
    <property name="java.vm.vendor" value="Oracle Corporation"/>
    <property name="sun.arch.data.model" value="64"/>
    <property name="user.variant" value=""/>
    <property name="java.vendor.url" value="http://java.oracle.com/"/>
    <property name="user.timezone" value="Africa/Cairo"/>
    <property name="java.vm.specification.version" value="1.8"/>
    <property name="os.name" value="Windows 10"/>
    <property name="user.country" value="GB"/>
    <property name="sun.java.launcher" value="SUN_STANDARD"/>
    <property name="sun.boot.library.path" value="C:\Program Files\Java\jdk1.8.0_301\jre\bin"/>
    <property name="sun.java.command" value="C:\Users\RBC Dev\AppData\Local\Temp\surefire1356528844084898642\surefirebooter6734648683013291619.jar C:\Users\RBC Dev\AppData\Local\Temp\surefire1356528844084898642 2021-07-24T17-11-47_158-jvmRun1 surefire1136410029401609859tmp surefire_05783220619123974650tmp"/>
    <property name="surefire.test.class.path" value="C:\Users\RBC Dev\Documents\JunitDemo\target\test-classes;C:\Users\RBC Dev\Documents\JunitDemo\target\classes;C:\Users\RBC Dev\.m2\repository\org\junit\jupiter\junit-jupiter-api\5.7.1\junit-jupiter-api-5.7.1.jar;C:\Users\RBC Dev\.m2\repository\org\apiguardian\apiguardian-api\1.1.0\apiguardian-api-1.1.0.jar;C:\Users\RBC Dev\.m2\repository\org\opentest4j\opentest4j\1.2.0\opentest4j-1.2.0.jar;C:\Users\RBC Dev\.m2\repository\org\junit\platform\junit-platform-commons\1.7.1\junit-platform-commons-1.7.1.jar;"/>
    <property name="sun.cpu.endian" value="little"/>
    <property name="user.home" value="C:\Users\RBC Dev"/>
    <property name="user.language" value="en"/>
    <property name="java.specification.vendor" value="Oracle Corporation"/>
    <property name="java.home" value="C:\Program Files\Java\jdk1.8.0_301\jre"/>
    <property name="basedir" value="C:\Users\RBC Dev\Documents\JunitDemo"/>
    <property name="file.separator" value="\"/>
    <property name="line.separator" value="&#10;"/>
    <property name="java.vm.specification.vendor" value="Oracle Corporation"/>
    <property name="java.specification.name" value="Java Platform API Specification"/>
    <property name="java.awt.graphicsenv" value="sun.awt.Win32GraphicsEnvironment"/>
    <property name="surefire.real.class.path" value="C:\Users\RBC Dev\AppData\Local\Temp\surefire1356528844084898642\surefirebooter6734648683013291619.jar"/>
    <property name="sun.boot.class.path" value="C:\Program Files\Java\jdk1.8.0_301\jre\lib\resources.jar;C:\Program Files\Java\jdk1.8.0_301\jre\lib\rt.jar;C:\Program Files\Java\jdk1.8.0_301\jre\lib\sunrsasign.jar;C:\Program Files\Java\jdk1.8.0_301\jre\lib\jsse.jar;C:\Program Files\Java\jdk1.8.0_301\jre\lib\jce.jar;C:\Program Files\Java\jdk1.8.0_301\jre\lib\charsets.jar;C:\Program Files\Java\jdk1.8.0_301\jre\lib\jfr.jar;C:\Program Files\Java\jdk1.8.0_301\jre\classes"/>
    <property name="user.script" value=""/>
    <property name="sun.management.compiler" value="HotSpot 64-Bit Tiered Compilers"/>
    <property name="java.runtime.version" value="1.8.0_301-b09"/>
    <property name="user.name" value="RBC Dev"/>
    <property name="path.separator" value=";"/>
    <property name="os.version" value="10.0"/>
    <property name="java.endorsed.dirs" value="C:\Program Files\Java\jdk1.8.0_301\jre\lib\endorsed"/>
    <property name="java.runtime.name" value="Java(TM) SE Runtime Environment"/>
    <property name="file.encoding" value="Cp1252"/>
    <property name="java.vm.name" value="Java HotSpot(TM) 64-Bit Server VM"/>
    <property name="localRepository" value="C:\Users\RBC Dev\.m2\repository"/>
    <property name="java.vendor.url.bug" value="http://bugreport.sun.com/bugreport/"/>
    <property name="java.io.tmpdir" value="C:\Users\RBCDEV~1\AppData\Local\Temp\"/>
    <property name="java.version" value="1.8.0_301"/>
    <property name="user.dir" value="C:\Users\RBC Dev\Documents\JunitDemo"/>
    <property name="os.arch" value="amd64"/>
    <property name="java.vm.specification.name" value="Java Virtual Machine Specification"/>
    <property name="java.awt.printerjob" value="sun.awt.windows.WPrinterJob"/>
    <property name="sun.os.patch.level" value=""/>
    <property name="java.library.path" value="C:\Program Files\Java\jdk1.8.0_301\jre\bin;C:\WINDOWS\Sun\Java\bin;C:\WINDOWS\system32;C:\WINDOWS;C:\db_home\bin;C:\Program Files (x86)\Common Files\Oracle\Java\javapath;C:\oraclo\home\bin;C:\oraclo\home\product\12.1.0\dbhome_1\bin;C:\oraclo\product\12.1.0\dbhome_1\bin;C:\oracle\product\12.2.0\dbhome_1\bin;C:\WINDOWS\system32;C:\WINDOWS;C:\WINDOWS\System32\Wbem;C:\WINDOWS\System32\WindowsPowerShell\v1.0\;C:\Program Files\spring-framework-5.0.4.RELEASE\libs;C:\WINDOWS\System32\OpenSSH\;C:\Program Files\apache-maven-3.8.1\bin;C:\Program Files\PuTTY\;D:\anaconda;C:\Program Files\Microsoft SQL Server\Client SDK\ODBC\110\Tools\Binn\;C:\Program Files (x86)\Intel\Intel(R) Management Engine Components\DAL;C:\Program Files\Intel\Intel(R) Management Engine Components\DAL;C:\Anaconda3\Scripts;C:\Users\RBC Dev\AppData\Local\Programs\Python\Python37\Scripts;C:\Anaconda3\Library\bin;C:\Anaconda3;C:\Program Files\MySQL\MySQL Server 5.6\bin;C:\ProgramData\MySQL\MySQL Server 5.6;C:\Program Files\Java\jdk1.8.0_301\bin;C:\Program Files\Git\cmd;C:\ProgramData\chocolatey\bin;C:\Program Files\AdoptOpenJDK\jdk8u192-b12\bin;C:\Android\android-sdk\tools;C:\Android\android-sdk\platform-tools;C:\Android\android-sdk\tools\bin;C:\Users\RBC Dev\AppData\Local\Programs\Python\Python37\Scripts\;C:\Users\RBC Dev\AppData\Local\Programs\Python\Python37\;C:\Python_3_7\Scripts\;C:\Python_3_7\;C:\Users\RBC Dev\AppData\Local\Microsoft\WindowsApps;C:\Program Files\JetBrains\IntelliJ IDEA Community Edition 2018.3.4\bin;C:\Program Files\Java\jdk1.8.0_301\bin;C:\Users\RBC Dev\AppData\Local\Microsoft\WindowsApps;C:\Program Files\JetBrains\IntelliJ IDEA 2021.1.2\bin;;C:\Users\RBC Dev\AppData\Local\Programs\Microsoft VS Code\bin;C:\Users\RBC Dev\AppData\Roaming\TinyTeX\bin\win32;;."/>
    <property name="java.vm.info" value="mixed mode"/>
    <property name="java.vendor" value="Oracle Corporation"/>
    <property name="java.vm.version" value="25.301-b09"/>
    <property name="java.ext.dirs" value="C:\Program Files\Java\jdk1.8.0_301\jre\lib\ext;C:\WINDOWS\Sun\Java\lib\ext"/>
    <property name="sun.io.unicode.encoding" value="UnicodeLittle"/>
    <property name="java.class.version" value="52.0"/>
  </properties>
  <testcase name="compareNumbers" classname="com.junit5.CalculatorTest" time="0.041"/>
  <testcase name="compareNumbers" classname="com.junit5.CalculatorTest" time="0.004"/>
  <testcase name="compareNumbers" classname="com.junit5.CalculatorTest" time="0.001"/>
  <testcase name="compareNumbers" classname="com.junit5.CalculatorTest" time="0.001"/>
  <testcase name="compareNumbers" classname="com.junit5.CalculatorTest" time="0.001"/>
  <testcase name="compareNumbers" classname="com.junit5.CalculatorTest" time="0.002"/>
  <testcase name="compareNumbers" classname="com.junit5.CalculatorTest" time="0.002"/>
  <testcase name="compareNumbers" classname="com.junit5.CalculatorTest" time="0.001"/>
  <testcase name="compareNumbers" classname="com.junit5.CalculatorTest" time="0.001"/>
  <testcase name="compareNumbers" classname="com.junit5.CalculatorTest" time="0.001"/>
  <testcase name="add" classname="com.junit5.CalculatorTest" time="0.002"/>
  <testcase name="multiply" classname="com.junit5.CalculatorTest" time="0.001"/>
  <testcase name="dynamicTestsFromCollection" classname="com.junit5.CalculatorTest" time="0.002"/>
  <testcase name="dynamicTestsFromCollection" classname="com.junit5.CalculatorTest" time="0"/>
</testsuite>